d:\ciencia de la computación\semestre 3\ccii\game\game\x64\debug\vc143.pdb
d:\ciencia de la computación\semestre 3\ccii\game\game\x64\debug\vc143.idb
d:\ciencia de la computación\semestre 3\ccii\game\game\x64\debug\player.obj
d:\ciencia de la computación\semestre 3\ccii\game\game\x64\debug\main.obj
d:\ciencia de la computación\semestre 3\ccii\game\game\x64\debug\entity.obj
d:\ciencia de la computación\semestre 3\ccii\game\game\x64\debug\animation.obj
c:\users\usuario\source\repos\game\game\x64\debug\vc143.pdb
c:\users\usuario\source\repos\game\game\x64\debug\vc143.idb
c:\users\usuario\source\repos\game\game\x64\debug\main.obj
c:\users\usuario\source\repos\game\game\x64\debug\player.obj
c:\users\usuario\source\repos\game\game\x64\debug\entity.obj
c:\users\usuario\source\repos\game\game\x64\debug\animation.obj
c:\users\usuario\source\repos\game\game\x64\debug\platform.obj
c:\users\usuario\source\repos\game\game\x64\debug\colision.obj
c:\users\usuario\source\repos\game\game\x64\debug\throwingfire.obj
c:\users\usuario\source\repos\game\game\x64\debug\hell.obj
c:\users\usuario\source\repos\game\game\x64\debug\fungus.obj
c:\users\usuario\source\repos\game\game\x64\debug\enemy.obj
c:\users\usuario\source\repos\game\game\x64\debug\demon.obj
c:\users\usuario\source\repos\game\game\x64\debug\bullet.obj
c:\users\usuario\source\repos\game\game\x64\debug\bloodmonster.obj
d:\ciencia de la computación\semestre 3\ccii\game\x64\debug\game.exe
d:\ciencia de la computación\semestre 3\ccii\game\game\x64\debug\game.ilk
d:\ciencia de la computación\semestre 3\ccii\game\x64\debug\game.pdb
c:\users\usuario\source\repos\game\x64\debug\game.exe
c:\users\usuario\source\repos\game\game\x64\debug\game.ilk
c:\users\usuario\source\repos\game\x64\debug\game.pdb
c:\users\usuario\source\repos\game\game\x64\debug\game.tlog\cl.command.1.tlog
c:\users\usuario\source\repos\game\game\x64\debug\game.tlog\cl.read.1.tlog
c:\users\usuario\source\repos\game\game\x64\debug\game.tlog\cl.write.1.tlog
c:\users\usuario\source\repos\game\game\x64\debug\game.tlog\link.command.1.tlog
c:\users\usuario\source\repos\game\game\x64\debug\game.tlog\link.read.1.tlog
c:\users\usuario\source\repos\game\game\x64\debug\game.tlog\link.write.1.tlog
