  Animation.cpp
C:\Users\USUARIO\source\repos\Game\Game\Animation.cpp(61,26): warning C4244: 'argumento': conversión de 'double' a 'float'; posible pérdida de datos
C:\Users\USUARIO\source\repos\Game\Game\Animation.cpp(61,20): warning C4244: 'argumento': conversión de 'double' a 'float'; posible pérdida de datos
  Entity.cpp
C:\Users\USUARIO\source\repos\Game\Game\Entity.cpp(27,25): warning C4244: 'argumento': conversión de 'double' a 'float'; posible pérdida de datos
C:\Users\USUARIO\source\repos\Game\Game\Entity.cpp(27,22): warning C4244: 'argumento': conversión de 'double' a 'float'; posible pérdida de datos
C:\Users\USUARIO\source\repos\Game\Game\Entity.cpp(58,39): warning C4244: 'argumento': conversión de 'double' a 'T'; posible pérdida de datos
          with
          [
              T=float
          ]
C:\Users\USUARIO\source\repos\Game\Game\Entity.cpp(58,32): warning C4244: 'argumento': conversión de 'double' a 'T'; posible pérdida de datos
          with
          [
              T=float
          ]
C:\Users\USUARIO\source\repos\Game\Game\Entity.cpp(59,49): warning C4244: 'argumento': conversión de 'double' a 'float'; posible pérdida de datos
C:\Users\USUARIO\source\repos\Game\Game\Entity.cpp(59,32): warning C4244: 'argumento': conversión de 'double' a 'float'; posible pérdida de datos
  Player.cpp
  main.cpp
  Generando código...
  Game.vcxproj -> C:\Users\USUARIO\source\repos\Game\x64\Debug\Game.exe
